2022-10-18 03:35:00,511 [INFO] Activator:177 - 


2022-10-18 03:35:00,512 [INFO] Activator:178 - !SESSION log4j initialized
2022-10-18 03:35:18,541 [INFO] McuFinderGlobals:39 - Set McuFinder mode to 2 (CubeIDE integrated)
2022-10-18 03:35:18,735 [INFO] ApplicationProperties:181 - Using Application install path: C:\ST\STM32CubeIDE_1.7.0\STM32CubeIDE\plugins\com.st.stm32cube.common.mx_6.3.0.202107141111
2022-10-18 03:35:18,750 [INFO] DbMcusXml:74 - Set database path to: C:\ST\STM32CubeIDE_1.7.0\STM32CubeIDE\plugins\com.st.stm32cube.common.mx_6.3.0.202107141111\\db\/mcu/
2022-10-18 03:35:18,754 [INFO] DbBoardsPdsc:56 - Set plugin database path to: C:\ST\STM32CubeIDE_1.7.0\STM32CubeIDE\plugins\com.st.stm32cube.common.mx_6.3.0.202107141111\\db\/plugins/boardmanager/
2022-10-18 03:35:18,755 [INFO] DbMcus:258 - Set plugin images path to: C:\ST\STM32CubeIDE_1.7.0\STM32CubeIDE\plugins\com.st.stm32cube.common.mx_6.3.0.202107141111\\db\/plugins/mcufinder/images/
2022-10-18 03:35:18,755 [INFO] DbBoards:264 - Set plugin images path to: C:\ST\STM32CubeIDE_1.7.0\STM32CubeIDE\plugins\com.st.stm32cube.common.mx_6.3.0.202107141111\\db\/plugins/mcufinder/images/
2022-10-18 03:35:18,758 [INFO] DbExamples:333 - Set plugin images path to: C:\ST\STM32CubeIDE_1.7.0\STM32CubeIDE\plugins\com.st.stm32cube.common.mx_6.3.0.202107141111\\db\/plugins/mcufinder/images/
2022-10-18 03:35:18,763 [INFO] DbMcusAds:119 - Set database path to: C:\Users\HP\.stmcufinder\plugins\mcufinder//mcu/
2022-10-18 03:35:18,764 [INFO] DbMcusDocs:110 - Set database path to: C:\Users\HP\.stmcufinder\plugins\mcufinder//mcu/
2022-10-18 03:35:18,766 [INFO] DbMcusJson:64 - Set database path to: C:\Users\HP\.stmcufinder\plugins\mcufinder//mcu/
2022-10-18 03:35:18,768 [INFO] DbBoardsDocs:110 - Set database path to: C:\Users\HP\.stmcufinder\plugins\mcufinder//mcu/
2022-10-18 03:35:18,770 [INFO] DbBoardsJson:57 - Set database path to: C:\Users\HP\.stmcufinder\plugins\mcufinder//mcu/
2022-10-18 03:35:18,789 [INFO] CrossReferenceDbSqlite:196 - Set database path to: C:\Users\HP\.stmcufinder\plugins\mcufinder//mcu/cs/
2022-10-18 03:35:18,793 [INFO] DbExamplesSqlite:767 - Set database path to: C:\Users\HP\.stmcufinder\plugins\mcufinder//mcu/
2022-10-18 03:35:18,885 [INFO] RulesReader:57 - Compatibility file has been processed (242 Rules)
2022-10-18 03:35:18,971 [INFO] DbMcusXml:74 - Set database path to: C:\ST\STM32CubeIDE_1.7.0\STM32CubeIDE\plugins\com.st.stm32cube.common.mx_6.3.0.202107141111\\db\/mcu/
2022-10-18 03:35:18,972 [INFO] DbBoardsPdsc:56 - Set plugin database path to: C:\ST\STM32CubeIDE_1.7.0\STM32CubeIDE\plugins\com.st.stm32cube.common.mx_6.3.0.202107141111\\db\/plugins/boardmanager/
2022-10-18 03:35:18,972 [INFO] DbMcus:258 - Set plugin images path to: C:\ST\STM32CubeIDE_1.7.0\STM32CubeIDE\plugins\com.st.stm32cube.common.mx_6.3.0.202107141111\\db\/plugins/mcufinder/images/
2022-10-18 03:35:18,972 [INFO] DbBoards:264 - Set plugin images path to: C:\ST\STM32CubeIDE_1.7.0\STM32CubeIDE\plugins\com.st.stm32cube.common.mx_6.3.0.202107141111\\db\/plugins/mcufinder/images/
2022-10-18 03:35:18,972 [INFO] DbExamples:333 - Set plugin images path to: C:\ST\STM32CubeIDE_1.7.0\STM32CubeIDE\plugins\com.st.stm32cube.common.mx_6.3.0.202107141111\\db\/plugins/mcufinder/images/
2022-10-18 03:35:18,973 [WARN] DbFile:35 - Overriding database path with different value: C:\Users\HP\.stmcufinder\plugins\mcufinder/ => C:\Users\HP\.stmcufinder\plugins\mcufinder
2022-10-18 03:35:18,973 [INFO] DbMcusAds:119 - Set database path to: C:\Users\HP\.stmcufinder\plugins\mcufinder//mcu/
2022-10-18 03:35:18,973 [WARN] DbFile:35 - Overriding database path with different value: C:\Users\HP\.stmcufinder\plugins\mcufinder/ => C:\Users\HP\.stmcufinder\plugins\mcufinder
2022-10-18 03:35:18,973 [INFO] DbMcusDocs:110 - Set database path to: C:\Users\HP\.stmcufinder\plugins\mcufinder//mcu/
2022-10-18 03:35:18,973 [WARN] DbFile:35 - Overriding database path with different value: C:\Users\HP\.stmcufinder\plugins\mcufinder/ => C:\Users\HP\.stmcufinder\plugins\mcufinder
2022-10-18 03:35:18,973 [INFO] DbMcusJson:64 - Set database path to: C:\Users\HP\.stmcufinder\plugins\mcufinder//mcu/
2022-10-18 03:35:18,973 [WARN] DbFile:35 - Overriding database path with different value: C:\Users\HP\.stmcufinder\plugins\mcufinder/ => C:\Users\HP\.stmcufinder\plugins\mcufinder
2022-10-18 03:35:18,973 [INFO] DbBoardsDocs:110 - Set database path to: C:\Users\HP\.stmcufinder\plugins\mcufinder//mcu/
2022-10-18 03:35:18,973 [WARN] DbFile:35 - Overriding database path with different value: C:\Users\HP\.stmcufinder\plugins\mcufinder/ => C:\Users\HP\.stmcufinder\plugins\mcufinder
2022-10-18 03:35:18,974 [INFO] DbBoardsJson:57 - Set database path to: C:\Users\HP\.stmcufinder\plugins\mcufinder//mcu/
2022-10-18 03:35:18,974 [WARN] DbFile:35 - Overriding database path with different value: C:\Users\HP\.stmcufinder\plugins\mcufinder/ => C:\Users\HP\.stmcufinder\plugins\mcufinder
2022-10-18 03:35:18,974 [WARN] DbFile:35 - Overriding database path with different value: C:\Users\HP\.stmcufinder\plugins\mcufinder/ => C:\Users\HP\.stmcufinder\plugins\mcufinder
2022-10-18 03:35:18,974 [INFO] CrossReferenceDbSqlite:196 - Set database path to: C:\Users\HP\.stmcufinder\plugins\mcufinder//mcu/cs/
2022-10-18 03:35:18,974 [WARN] DbFile:35 - Overriding database path with different value: C:\Users\HP\.stmcufinder\plugins\mcufinder/ => C:\Users\HP\.stmcufinder\plugins\mcufinder
2022-10-18 03:35:18,974 [INFO] DbExamplesSqlite:767 - Set database path to: C:\Users\HP\.stmcufinder\plugins\mcufinder//mcu/
2022-10-18 03:35:19,042 [INFO] MainPanel:214 - HeapMemory: 268435456
2022-10-18 03:35:19,128 [INFO] DbMcusXml:74 - Set database path to: C:\ST\STM32CubeIDE_1.7.0\STM32CubeIDE\plugins\com.st.stm32cube.common.mx_6.3.0.202107141111\\db\/mcu/
2022-10-18 03:35:19,129 [INFO] DbBoardsPdsc:56 - Set plugin database path to: C:\ST\STM32CubeIDE_1.7.0\STM32CubeIDE\plugins\com.st.stm32cube.common.mx_6.3.0.202107141111\\db\/plugins/boardmanager/
2022-10-18 03:35:19,129 [INFO] DbMcus:258 - Set plugin images path to: C:\ST\STM32CubeIDE_1.7.0\STM32CubeIDE\plugins\com.st.stm32cube.common.mx_6.3.0.202107141111\\db\/plugins/mcufinder/images/
2022-10-18 03:35:19,129 [INFO] DbBoards:264 - Set plugin images path to: C:\ST\STM32CubeIDE_1.7.0\STM32CubeIDE\plugins\com.st.stm32cube.common.mx_6.3.0.202107141111\\db\/plugins/mcufinder/images/
2022-10-18 03:35:19,129 [INFO] DbExamples:333 - Set plugin images path to: C:\ST\STM32CubeIDE_1.7.0\STM32CubeIDE\plugins\com.st.stm32cube.common.mx_6.3.0.202107141111\\db\/plugins/mcufinder/images/
2022-10-18 03:35:19,130 [WARN] DbFile:35 - Overriding database path with different value: C:\Users\HP\.stmcufinder\plugins\mcufinder/ => C:\Users\HP\.stmcufinder\plugins\mcufinder
2022-10-18 03:35:19,130 [INFO] DbMcusAds:119 - Set database path to: C:\Users\HP\.stmcufinder\plugins\mcufinder//mcu/
2022-10-18 03:35:19,130 [WARN] DbFile:35 - Overriding database path with different value: C:\Users\HP\.stmcufinder\plugins\mcufinder/ => C:\Users\HP\.stmcufinder\plugins\mcufinder
2022-10-18 03:35:19,130 [INFO] DbMcusDocs:110 - Set database path to: C:\Users\HP\.stmcufinder\plugins\mcufinder//mcu/
2022-10-18 03:35:19,130 [WARN] DbFile:35 - Overriding database path with different value: C:\Users\HP\.stmcufinder\plugins\mcufinder/ => C:\Users\HP\.stmcufinder\plugins\mcufinder
2022-10-18 03:35:19,130 [INFO] DbMcusJson:64 - Set database path to: C:\Users\HP\.stmcufinder\plugins\mcufinder//mcu/
2022-10-18 03:35:19,130 [WARN] DbFile:35 - Overriding database path with different value: C:\Users\HP\.stmcufinder\plugins\mcufinder/ => C:\Users\HP\.stmcufinder\plugins\mcufinder
2022-10-18 03:35:19,130 [INFO] DbBoardsDocs:110 - Set database path to: C:\Users\HP\.stmcufinder\plugins\mcufinder//mcu/
2022-10-18 03:35:19,130 [WARN] DbFile:35 - Overriding database path with different value: C:\Users\HP\.stmcufinder\plugins\mcufinder/ => C:\Users\HP\.stmcufinder\plugins\mcufinder
2022-10-18 03:35:19,130 [INFO] DbBoardsJson:57 - Set database path to: C:\Users\HP\.stmcufinder\plugins\mcufinder//mcu/
2022-10-18 03:35:19,130 [WARN] DbFile:35 - Overriding database path with different value: C:\Users\HP\.stmcufinder\plugins\mcufinder/ => C:\Users\HP\.stmcufinder\plugins\mcufinder
2022-10-18 03:35:19,131 [WARN] DbFile:35 - Overriding database path with different value: C:\Users\HP\.stmcufinder\plugins\mcufinder/ => C:\Users\HP\.stmcufinder\plugins\mcufinder
2022-10-18 03:35:19,131 [INFO] CrossReferenceDbSqlite:196 - Set database path to: C:\Users\HP\.stmcufinder\plugins\mcufinder//mcu/cs/
2022-10-18 03:35:19,131 [WARN] DbFile:35 - Overriding database path with different value: C:\Users\HP\.stmcufinder\plugins\mcufinder/ => C:\Users\HP\.stmcufinder\plugins\mcufinder
2022-10-18 03:35:19,131 [INFO] DbExamplesSqlite:767 - Set database path to: C:\Users\HP\.stmcufinder\plugins\mcufinder//mcu/
2022-10-18 03:35:19,151 [INFO] ApplicationProperties:181 - Using Application install path: C:\ST\STM32CubeIDE_1.7.0\STM32CubeIDE\plugins\com.st.stm32cube.common.mx_6.3.0.202107141111
2022-10-18 03:35:19,152 [INFO] PluginManage:188 - Search for loadable plugins [exclusion list=, ]
2022-10-18 03:35:19,153 [INFO] PluginManage:302 - Check plugin analytics
2022-10-18 03:35:23,802 [INFO] AnalyticsPlugin:257 - Accepted Software Licenses: 
2022-10-18 03:35:23,803 [INFO] AnalyticsPlugin:259 - Accepted CMSIS Pack Licenses: 
2022-10-18 03:35:23,803 [INFO] AnalyticsPlugin:261 - Accepted Firmware Licenses: 
2022-10-18 03:35:23,803 [INFO] PluginManage:352 - Loaded plugin analytics (category:tool,tabindex:-1)
2022-10-18 03:35:23,803 [INFO] PluginManage:302 - Check plugin clock
2022-10-18 03:35:23,819 [INFO] PluginManage:352 - Loaded plugin clock (category:base,tabindex:2)
2022-10-18 03:35:23,819 [INFO] PluginManage:302 - Check plugin ddr
2022-10-18 03:35:23,823 [INFO] PluginManage:352 - Loaded plugin ddr (category:tool,tabindex:6)
2022-10-18 03:35:23,823 [INFO] PluginManage:302 - Check plugin filemanager
2022-10-18 03:35:23,955 [INFO] PluginManage:352 - Loaded plugin filemanager (category:base,tabindex:10)
2022-10-18 03:35:23,955 [INFO] PluginManage:302 - Check plugin ipmanager
2022-10-18 03:35:23,965 [INFO] PluginManage:352 - Loaded plugin ipmanager (category:base,tabindex:5)
2022-10-18 03:35:23,965 [INFO] PluginManage:302 - Check plugin pinoutandconfiguration
2022-10-18 03:35:23,975 [INFO] PluginManage:352 - Loaded plugin pinoutandconfiguration (category:base,tabindex:1)
2022-10-18 03:35:23,975 [INFO] PluginManage:302 - Check plugin pinoutconfig
2022-10-18 03:35:24,004 [INFO] PluginManage:352 - Loaded plugin pinoutconfig (category:base,tabindex:0)
2022-10-18 03:35:24,004 [INFO] PluginManage:302 - Check plugin power
2022-10-18 03:35:24,018 [INFO] PluginManage:352 - Loaded plugin power (category:power,tabindex:4)
2022-10-18 03:35:24,018 [INFO] PluginManage:302 - Check plugin projectmanager
2022-10-18 03:35:24,060 [INFO] PluginManage:352 - Loaded plugin projectmanager (category:projectmanager,tabindex:3)
2022-10-18 03:35:24,060 [INFO] PluginManage:302 - Check plugin thirdparty
2022-10-18 03:35:24,199 [WARN] IntegrityCheckThread:78 - waiting for thirdparty lock release [integrity check]
2022-10-18 03:35:24,199 [INFO] PluginManage:352 - Loaded plugin thirdparty (category:base,tabindex:-1)
2022-10-18 03:35:24,199 [INFO] IntegrityCheckThread:80 - entering critical section [integrity check]
2022-10-18 03:35:24,199 [INFO] PluginManage:302 - Check plugin tools
2022-10-18 03:35:24,200 [INFO] ThirdPartyUpdaterWithRetryManager:66 - Updater plugin not ready yet. [1/15]
2022-10-18 03:35:24,202 [INFO] PluginManage:352 - Loaded plugin tools (category:base,tabindex:7)
2022-10-18 03:35:24,202 [INFO] PluginManage:302 - Check plugin tutovideos
2022-10-18 03:35:24,423 [INFO] PluginManage:352 - Loaded plugin tutovideos (category:base,tabindex:-1)
2022-10-18 03:35:24,424 [INFO] PluginManage:302 - Check plugin updater
2022-10-18 03:35:24,437 [INFO] PluginManage:352 - Loaded plugin updater (category:base,tabindex:12)
2022-10-18 03:35:24,437 [INFO] PluginManage:275 - PluginManage : Loaded plugins [13]
2022-10-18 03:35:24,621 [INFO] PinOutPanel:1463 - setPackage(No Configuration,No Configuration)
2022-10-18 03:35:24,706 [INFO] IPUIPlugin:74 - create IPUIPlugin
2022-10-18 03:35:24,706 [INFO] PluginManager:213 - loadIPPluginJar : add adc
2022-10-18 03:35:24,709 [INFO] IPUIPlugin:74 - create IPUIPlugin
2022-10-18 03:35:24,709 [INFO] PluginManager:213 - loadIPPluginJar : add aes
2022-10-18 03:35:24,713 [INFO] IPUIPlugin:74 - create IPUIPlugin
2022-10-18 03:35:24,713 [INFO] PluginManager:213 - loadIPPluginJar : add can
2022-10-18 03:35:24,715 [INFO] IPUIPlugin:74 - create IPUIPlugin
2022-10-18 03:35:24,715 [INFO] PluginManager:213 - loadIPPluginJar : add comp
2022-10-18 03:35:24,718 [INFO] IPUIPlugin:74 - create IPUIPlugin
2022-10-18 03:35:24,718 [INFO] PluginManager:213 - loadIPPluginJar : add cryp
2022-10-18 03:35:24,721 [INFO] IPUIPlugin:74 - create IPUIPlugin
2022-10-18 03:35:24,721 [INFO] PluginManager:213 - loadIPPluginJar : add dfsdm
2022-10-18 03:35:24,726 [INFO] IPUIPlugin:74 - create IPUIPlugin
2022-10-18 03:35:24,727 [INFO] PluginManager:213 - loadIPPluginJar : add dma
2022-10-18 03:35:24,730 [INFO] IPUIPlugin:74 - create IPUIPlugin
2022-10-18 03:35:24,730 [INFO] PluginManager:213 - loadIPPluginJar : add dma3
2022-10-18 03:35:24,732 [INFO] IPUIPlugin:74 - create IPUIPlugin
2022-10-18 03:35:24,733 [INFO] PluginManager:213 - loadIPPluginJar : add fatfs
2022-10-18 03:35:24,737 [INFO] IPUIPlugin:74 - create IPUIPlugin
2022-10-18 03:35:24,737 [INFO] PluginManager:213 - loadIPPluginJar : add fmc
2022-10-18 03:35:24,744 [INFO] IPUIPlugin:74 - create IPUIPlugin
2022-10-18 03:35:24,744 [INFO] PluginManager:213 - loadIPPluginJar : add freertos
2022-10-18 03:35:24,746 [INFO] IPUIPlugin:74 - create IPUIPlugin
2022-10-18 03:35:24,746 [INFO] PluginManager:213 - loadIPPluginJar : add genericplugin
2022-10-18 03:35:24,749 [INFO] IPUIPlugin:74 - create IPUIPlugin
2022-10-18 03:35:24,749 [INFO] PluginManager:213 - loadIPPluginJar : add gfxmmu
2022-10-18 03:35:24,755 [INFO] IPUIPlugin:74 - create IPUIPlugin
2022-10-18 03:35:24,755 [INFO] PluginManager:213 - loadIPPluginJar : add gic
2022-10-18 03:35:24,759 [INFO] IPUIPlugin:74 - create IPUIPlugin
2022-10-18 03:35:24,760 [INFO] PluginManager:213 - loadIPPluginJar : add gpio
2022-10-18 03:35:24,763 [INFO] IPUIPlugin:74 - create IPUIPlugin
2022-10-18 03:35:24,763 [INFO] PluginManager:213 - loadIPPluginJar : add gtzc
2022-10-18 03:35:24,767 [INFO] IPUIPlugin:74 - create IPUIPlugin
2022-10-18 03:35:24,767 [INFO] PluginManager:213 - loadIPPluginJar : add hash
2022-10-18 03:35:24,771 [INFO] IPUIPlugin:74 - create IPUIPlugin
2022-10-18 03:35:24,771 [INFO] PluginManager:213 - loadIPPluginJar : add i2c
2022-10-18 03:35:24,775 [INFO] IPUIPlugin:74 - create IPUIPlugin
2022-10-18 03:35:24,775 [INFO] PluginManager:213 - loadIPPluginJar : add i2s
2022-10-18 03:35:24,779 [INFO] IPUIPlugin:74 - create IPUIPlugin
2022-10-18 03:35:24,780 [INFO] PluginManager:213 - loadIPPluginJar : add ipddr
2022-10-18 03:35:24,792 [INFO] IPUIPlugin:74 - create IPUIPlugin
2022-10-18 03:35:24,793 [INFO] PluginManager:213 - loadIPPluginJar : add linkedlist
2022-10-18 03:35:24,796 [INFO] IPUIPlugin:74 - create IPUIPlugin
2022-10-18 03:35:24,796 [INFO] PluginManager:213 - loadIPPluginJar : add lorawan
2022-10-18 03:35:24,798 [INFO] IPUIPlugin:74 - create IPUIPlugin
2022-10-18 03:35:24,799 [INFO] PluginManager:213 - loadIPPluginJar : add ltdc
2022-10-18 03:35:24,803 [INFO] IPUIPlugin:74 - create IPUIPlugin
2022-10-18 03:35:24,803 [INFO] PluginManager:213 - loadIPPluginJar : add mdma
2022-10-18 03:35:24,807 [INFO] IPUIPlugin:74 - create IPUIPlugin
2022-10-18 03:35:24,808 [INFO] PluginManager:213 - loadIPPluginJar : add nvic
2022-10-18 03:35:24,811 [INFO] IPUIPlugin:74 - create IPUIPlugin
2022-10-18 03:35:24,811 [INFO] PluginManager:213 - loadIPPluginJar : add opamp
2022-10-18 03:35:24,817 [INFO] IPUIPlugin:74 - create IPUIPlugin
2022-10-18 03:35:24,817 [INFO] PluginManager:213 - loadIPPluginJar : add openamp
2022-10-18 03:35:24,822 [INFO] IPUIPlugin:74 - create IPUIPlugin
2022-10-18 03:35:24,822 [INFO] PluginManager:213 - loadIPPluginJar : add pdm2pcm
2022-10-18 03:35:24,829 [INFO] IPUIPlugin:74 - create IPUIPlugin
2022-10-18 03:35:24,835 [INFO] PluginManager:213 - loadIPPluginJar : add plateformsettings
2022-10-18 03:35:24,838 [INFO] IPUIPlugin:74 - create IPUIPlugin
2022-10-18 03:35:24,838 [INFO] PluginManager:213 - loadIPPluginJar : add quadspi
2022-10-18 03:35:24,842 [INFO] IPUIPlugin:74 - create IPUIPlugin
2022-10-18 03:35:24,842 [INFO] PluginManager:213 - loadIPPluginJar : add resmgrutility
2022-10-18 03:35:24,846 [INFO] IPUIPlugin:74 - create IPUIPlugin
2022-10-18 03:35:24,846 [INFO] PluginManager:213 - loadIPPluginJar : add sai
2022-10-18 03:35:24,852 [INFO] IPUIPlugin:74 - create IPUIPlugin
2022-10-18 03:35:24,852 [INFO] PluginManager:213 - loadIPPluginJar : add spi
2022-10-18 03:35:24,857 [INFO] IPUIPlugin:74 - create IPUIPlugin
2022-10-18 03:35:24,857 [INFO] PluginManager:213 - loadIPPluginJar : add stm32_wpan
2022-10-18 03:35:24,859 [INFO] IPUIPlugin:74 - create IPUIPlugin
2022-10-18 03:35:24,860 [INFO] PluginManager:213 - loadIPPluginJar : add tim
2022-10-18 03:35:24,863 [INFO] IPUIPlugin:74 - create IPUIPlugin
2022-10-18 03:35:24,864 [INFO] PluginManager:213 - loadIPPluginJar : add touchsensing
2022-10-18 03:35:24,869 [INFO] IPUIPlugin:74 - create IPUIPlugin
2022-10-18 03:35:24,869 [INFO] PluginManager:213 - loadIPPluginJar : add tracer_emb
2022-10-18 03:35:24,872 [INFO] IPUIPlugin:74 - create IPUIPlugin
2022-10-18 03:35:24,872 [INFO] PluginManager:213 - loadIPPluginJar : add ts
2022-10-18 03:35:24,874 [INFO] IPUIPlugin:74 - create IPUIPlugin
2022-10-18 03:35:24,875 [INFO] PluginManager:213 - loadIPPluginJar : add tsc
2022-10-18 03:35:24,878 [INFO] IPUIPlugin:74 - create IPUIPlugin
2022-10-18 03:35:24,878 [INFO] PluginManager:213 - loadIPPluginJar : add ucpd
2022-10-18 03:35:24,884 [INFO] IPUIPlugin:74 - create IPUIPlugin
2022-10-18 03:35:24,885 [INFO] PluginManager:213 - loadIPPluginJar : add usart
2022-10-18 03:35:24,890 [INFO] IPUIPlugin:74 - create IPUIPlugin
2022-10-18 03:35:24,890 [INFO] PluginManager:213 - loadIPPluginJar : add usbx
2022-10-18 03:35:25,177 [FATAL] Updater:294 - Updater called before beeing initialized
2022-10-18 03:35:25,294 [FATAL] Updater:294 - Updater called before beeing initialized
2022-10-18 03:35:25,300 [INFO] DbMcusAds:47 - JSON generation date=Thu Sep 30 13:56:37 ICT 2021 (1632984997303)
2022-10-18 03:35:25,301 [FATAL] Updater:294 - Updater called before beeing initialized
2022-10-18 03:35:25,349 [WARN] DetailPanel:314 - Failed to get advertising image, set to default
2022-10-18 03:35:25,434 [FATAL] Updater:294 - Updater called before beeing initialized
2022-10-18 03:35:25,436 [FATAL] Updater:294 - Updater called before beeing initialized
2022-10-18 03:35:25,436 [FATAL] Updater:294 - Updater called before beeing initialized
2022-10-18 03:35:25,436 [WARN] DetailPanel:314 - Failed to get advertising image, set to default
2022-10-18 03:35:25,438 [FATAL] Updater:294 - Updater called before beeing initialized
2022-10-18 03:35:25,512 [ERROR] Updater:1075 - MainUpdater not yet initialized. External WinMGr cannot be set.
2022-10-18 03:35:25,535 [INFO] Updater:1012 - Updater Version found : 6.3.0
2022-10-18 03:35:25,565 [INFO] ApplicationProperties:181 - Using Application install path: C:\ST\STM32CubeIDE_1.7.0\STM32CubeIDE\plugins\com.st.stm32cube.common.mx_6.3.0.202107141111
2022-10-18 03:35:25,722 [INFO] MainUpdater:2671 - connection check result : 10
2022-10-18 03:35:25,723 [INFO] MainUpdater:265 - Updater Check For Update Now.
2022-10-18 03:35:25,723 [INFO] MicroXplorer:478 - Change Database Version : DB.6.0.30
2022-10-18 03:35:25,880 [INFO] CheckServerUpdateThread:112 - End of CheckServer Thread
2022-10-18 03:35:25,951 [INFO] MainUpdater:2671 - connection check result : 10
2022-10-18 03:35:26,338 [INFO] McuFinderGlobals:52 - Set McuFinderConnectedMode to false
2022-10-18 03:35:26,453 [INFO] CrossSelectorPresenter:1330 - Cross Selector saved comparison directory: C:\Users\HP\.stmcufinder\plugins\mcufinder\mcu\cs_comparisons_mx
2022-10-18 03:35:26,460 [INFO] MultiScanPanel:197 - Auto-refresh data requested => check proxy status ongoing
2022-10-18 03:35:26,461 [INFO] MultiScanPanel:201 - Proxy status is invalid
2022-10-18 03:35:26,468 [INFO] FinderPluginLoader:87 - Searching for filters in installed packs
2022-10-18 03:35:26,470 [INFO] DbMcusXml:100 - Load MCU database from C:\ST\STM32CubeIDE_1.7.0\STM32CubeIDE\plugins\com.st.stm32cube.common.mx_6.3.0.202107141111\\db\/mcu/families.xml
2022-10-18 03:35:27,502 [WARN] PackLoader:238 - Cannot read IP mode file for STMicroelectronics.X-CUBE-GNSS1.6.0.0
2022-10-18 03:35:27,637 [INFO] DbMcusJson:93 - JSON generation date=Tue Nov 16 23:17:54 ICT 2021 (1637079474)
2022-10-18 03:35:27,661 [WARN] PackLoader:238 - Cannot read IP mode file for STMicroelectronics.X-CUBE-AZRTOS-F4.1.1.0
2022-10-18 03:35:27,719 [WARN] PackLoader:238 - Cannot read IP mode file for STMicroelectronics.X-CUBE-BLEMGR.1.2.0
2022-10-18 03:35:27,756 [WARN] PackLoader:238 - Cannot read IP mode file for STMicroelectronics.X-CUBE-AZRTOS-F7.1.1.0
2022-10-18 03:35:27,775 [WARN] PackLoader:238 - Cannot read IP mode file for STMicroelectronics.X-CUBE-BLE1.6.2.3
2022-10-18 03:35:27,792 [WARN] PackLoader:238 - Cannot read IP mode file for STMicroelectronics.X-CUBE-NFC4.2.0.4
2022-10-18 03:35:27,823 [WARN] PackLoader:238 - Cannot read IP mode file for STMicroelectronics.X-CUBE-TOF1.3.1.0
2022-10-18 03:35:27,860 [WARN] PackLoader:238 - Cannot read IP mode file for wolfSSL.I-CUBE-wolfSSL.5.5.0
2022-10-18 03:35:27,876 [WARN] PackLoader:238 - Cannot read IP mode file for STMicroelectronics.X-CUBE-NFC7.1.0.0
2022-10-18 03:35:27,964 [WARN] PackLoader:238 - Cannot read IP mode file for STMicroelectronics.X-CUBE-MEMS1.9.3.0
2022-10-18 03:35:28,260 [WARN] PackLoader:238 - Cannot read IP mode file for STMicroelectronics.X-CUBE-AI.7.2.0
2022-10-18 03:35:28,279 [WARN] PackLoader:238 - Cannot read IP mode file for STMicroelectronics.X-CUBE-SFXS2LP1.4.0.0
2022-10-18 03:35:28,296 [WARN] PackLoader:238 - Cannot read IP mode file for STMicroelectronics.X-CUBE-BLE2.3.3.0
2022-10-18 03:35:28,324 [WARN] PackLoader:238 - Cannot read IP mode file for STMicroelectronics.X-CUBE-DISPLAY.2.2.0
2022-10-18 03:35:28,361 [WARN] PackLoader:238 - Cannot read IP mode file for STMicroelectronics.X-CUBE-ISPU.1.0.0
2022-10-18 03:35:28,378 [WARN] PackLoader:238 - Cannot read IP mode file for RoweBots.I-CUBE-UNISONRTOS.5.5.0-4
2022-10-18 03:35:28,420 [WARN] PackLoader:238 - Cannot read IP mode file for STMicroelectronics.X-CUBE-AZRTOS-H7.2.1.0
2022-10-18 03:35:28,438 [WARN] PackLoader:238 - Cannot read IP mode file for STMicroelectronics.X-CUBE-BLEMGR.1.0.0
2022-10-18 03:35:28,454 [WARN] PackLoader:238 - Cannot read IP mode file for STMicroelectronics.X-CUBE-ALGOBUILD.1.3.0
2022-10-18 03:35:28,495 [WARN] PackLoader:238 - Cannot read IP mode file for STMicroelectronics.X-CUBE-AZRTOS-G0.1.1.0
2022-10-18 03:35:28,519 [WARN] PackLoader:238 - Cannot read IP mode file for STMicroelectronics.X-CUBE-SUBG2.5.0.0
2022-10-18 03:35:28,592 [WARN] PackLoader:238 - Cannot read IP mode file for SEGGER.I-CUBE-embOS.1.2.0
2022-10-18 03:35:28,642 [INFO] DbMcus:175 - Found 1951 MCUs (1903 are supported by CubeMX, 1914 are visible in CubeMX)
2022-10-18 03:35:28,643 [INFO] ApiDb:251 - Load user favorites file C:\Users\HP/.stm32cubeide/favorites.mcus.txt: 0 item(s)
2022-10-18 03:35:28,643 [INFO] ApiDb:255 - User favorites MCUs=[]
2022-10-18 03:35:28,643 [INFO] DbMcus:187 - Set 0 / 0 favorites MCUs
2022-10-18 03:35:28,651 [WARN] PackLoader:238 - Cannot read IP mode file for STMicroelectronics.FP-ATR-ASTRA1.1.1.1
2022-10-18 03:35:28,689 [WARN] PackLoader:238 - Cannot read IP mode file for STMicroelectronics.X-CUBE-AZRTOS-G4.1.0.0
2022-10-18 03:35:28,710 [WARN] PackLoader:238 - Cannot read IP mode file for STMicroelectronics.FP-ATR-SIGFOX1.3.2.0
2022-10-18 03:35:28,756 [WARN] PackLoader:238 - Cannot read IP mode file for STMicroelectronics.X-CUBE-AZRTOS-L4.1.0.0
2022-10-18 03:35:28,779 [WARN] PackLoader:238 - Cannot read IP mode file for emotas.I-CUBE-CANOPEN.1.1.2
2022-10-18 03:35:28,799 [WARN] PackLoader:238 - Cannot read IP mode file for STMicroelectronics.X-CUBE-TOUCHGFX.4.20.0
2022-10-18 03:35:28,830 [WARN] PackLoader:238 - Cannot read IP mode file for STMicroelectronics.X-CUBE-AZRTOS-WL.1.0.0
2022-10-18 03:35:28,851 [WARN] PackLoader:238 - Cannot read IP mode file for portGmbH.I-Cube-SoM-uGOAL.1.1.0
2022-10-18 03:35:28,873 [WARN] PackLoader:238 - Cannot read IP mode file for STMicroelectronics.X-CUBE-ALS.1.0.1
2022-10-18 03:35:28,905 [WARN] PackLoader:238 - Cannot read IP mode file for STMicroelectronics.X-CUBE-AZRTOS-L5.1.0.0
2022-10-18 03:35:28,922 [WARN] PackLoader:238 - Cannot read IP mode file for STMicroelectronics.X-CUBE-EEPRMA1.3.1.1
2022-10-18 03:35:28,923 [INFO] ThirdParty:915 - Integrity check success = true
2022-10-18 03:35:28,923 [INFO] IntegrityCheckThread:94 - exiting critical section [integrity check]
2022-10-18 03:35:28,923 [INFO] IntegrityCheckThread:97 - End integrity checks thread
2022-10-18 03:35:29,284 [INFO] DetailPanel:309 - Set advertising image to C:/Users/HP/STM32Cube/Repository/\en.Prom_NBSTM32U50921.jpg
2022-10-18 03:35:29,844 [INFO] DbBoardsPdsc:90 - Found 25 items
2022-10-18 03:35:29,847 [INFO] DbBoardsPdsc:90 - Found 9 items
2022-10-18 03:35:29,852 [INFO] DbBoardsPdsc:90 - Found 33 items
2022-10-18 03:35:29,854 [INFO] DbBoardsPdsc:90 - Found 1 items
2022-10-18 03:35:29,862 [INFO] DbBoardsPdsc:90 - Found 48 items
2022-10-18 03:35:29,872 [INFO] DbBoardsPdsc:90 - Found 43 items
2022-10-18 03:35:29,874 [INFO] DbBoardsPdsc:90 - Found 2 items
2022-10-18 03:35:29,876 [INFO] DbBoardsPdsc:90 - Found 5 items
2022-10-18 03:35:29,883 [WARN] DbBoardsPdsc:254 - Board STM32H7B3I-DK: unknown feature type=Audio, name=, username=Audio stereo codec with Headphone Amp (CS42L51-CNZ), n=1
2022-10-18 03:35:29,883 [WARN] DbBoardsPdsc:254 - Board STM32H735G-DK: unknown feature type=Audio, name=, username=Audio stereo codec with Headphone Amp (WM8994ECS/R), n=1
2022-10-18 03:35:29,886 [WARN] DbBoardsPdsc:254 - Board STM32H7B3I-EVAL: unknown feature type=Audio, name=, username=Multi-Channel Audio Codec (CS42L51-CNZ), n=1
2022-10-18 03:35:29,886 [WARN] DbBoardsPdsc:254 - Board STM32H7B3I-EVAL: unknown feature type=Meter, name=, username=Power-metering and Temperature-monitoring with sigma-delta modulators, n=1
2022-10-18 03:35:29,886 [WARN] DbBoardsPdsc:254 - Board STM32H7B3I-EVAL: unknown feature type=Motor, name=, username=Motor Control, n=1
2022-10-18 03:35:29,887 [WARN] DbBoardsPdsc:254 - Board STM32U575I-EV: unknown feature type=joystick, name=, username=4-direction joystick with selection button, n=1
2022-10-18 03:35:29,928 [INFO] DbBoardsJson:86 - JSON generation date=Tue Nov 16 23:17:54 ICT 2021 (1637079474)
2022-10-18 03:35:29,937 [INFO] DbBoards:117 - Found 167 boards (163 are supported by CubeMX)
2022-10-18 03:35:29,949 [INFO] DbBoardsDocs:143 - JSON generation date=Tue Nov 16 23:17:54 ICT 2021 (1637079474)
2022-10-18 03:35:29,954 [INFO] DbBoardsDocs:79 - Found 209 boards documents
2022-10-18 03:35:29,954 [WARN] DbBoards:127 - board B-L475E-IOT01A2 has no document id list !
2022-10-18 03:35:29,956 [WARN] DbBoards:127 - board NUCLEO-H743ZI has no document id list !
2022-10-18 03:35:29,957 [WARN] DbBoards:127 - board NUCLEO-WL55JC2 has no document id list !
2022-10-18 03:35:29,957 [WARN] DbBoards:127 - board P-NUCLEO-WB55-Nucleo has no document id list !
2022-10-18 03:35:29,957 [WARN] DbBoards:127 - board P-NUCLEO-WB55-USBDongle has no document id list !
2022-10-18 03:35:29,957 [WARN] DbBoards:127 - board STEVAL-BFA001V1B has no document id list !
2022-10-18 03:35:29,958 [WARN] DbBoards:127 - board STEVAL-BFA001V2B has no document id list !
2022-10-18 03:35:29,958 [WARN] DbBoards:127 - board STEVAL-IDP005V1 has no document id list !
2022-10-18 03:35:29,958 [WARN] DbBoards:127 - board STEVAL-IDP005V2 has no document id list !
2022-10-18 03:35:29,958 [WARN] DbBoards:127 - board STEVAL-MKSBOX1V1 has no document id list !
2022-10-18 03:35:29,958 [WARN] DbBoards:127 - board STEVAL-STWINKT1 has no document id list !
2022-10-18 03:35:29,958 [WARN] DbBoards:127 - board STEVAL-STWINKT1B has no document id list !
2022-10-18 03:35:29,958 [WARN] DbBoards:127 - board STM32439I-EVAL2 has no document id list !
2022-10-18 03:35:29,959 [WARN] DbBoards:127 - board STM32F401C-DISCO has no document id list !
2022-10-18 03:35:29,959 [WARN] DbBoards:127 - board STM32F769I-DISC1 has no document id list !
2022-10-18 03:35:29,960 [WARN] DbBoards:127 - board STM32G474E-EVAL1 has no document id list !
2022-10-18 03:35:29,960 [WARN] DbBoards:127 - board STM32H743I-EVAL2 has no document id list !
2022-10-18 03:35:29,960 [WARN] DbBoards:127 - board STM32H747I-DISC1 has no document id list !
2022-10-18 03:35:29,961 [WARN] DbBoards:127 - board STM32H753I-EVAL2 has no document id list !
2022-10-18 03:35:29,961 [WARN] DbBoards:127 - board STM32L-DISCOVERY has no document id list !
2022-10-18 03:35:30,101 [ERROR] DbBoards:189 - Image file not found for board B-U585I-IOT02A: C:\ST\STM32CubeIDE_1.7.0\STM32CubeIDE\plugins\com.st.stm32cube.common.mx_6.3.0.202107141111\\db\/plugins/mcufinder/images/boards/B-U585I-IOT02A_small.jpg
2022-10-18 03:35:30,244 [ERROR] DbBoards:189 - Image file not found for board NUCLEO-F413ZH: C:\ST\STM32CubeIDE_1.7.0\STM32CubeIDE\plugins\com.st.stm32cube.common.mx_6.3.0.202107141111\\db\/plugins/mcufinder/images/boards/nucleo-f413zh_small.jpg
2022-10-18 03:35:30,582 [ERROR] DbBoards:189 - Image file not found for board NUCLEO-L552ZE-Q: C:\ST\STM32CubeIDE_1.7.0\STM32CubeIDE\plugins\com.st.stm32cube.common.mx_6.3.0.202107141111\\db\/plugins/mcufinder/images/boards/nucleo_l552ze_q_small.jpg
2022-10-18 03:35:30,582 [ERROR] DbBoards:189 - Image file not found for board NUCLEO-U575ZI-Q: C:\ST\STM32CubeIDE_1.7.0\STM32CubeIDE\plugins\com.st.stm32cube.common.mx_6.3.0.202107141111\\db\/plugins/mcufinder/images/boards/nucleo-u575zi-q_small.jpg
2022-10-18 03:35:30,582 [ERROR] DbBoards:189 - Image file not found for board NUCLEO-WB15CC: C:\ST\STM32CubeIDE_1.7.0\STM32CubeIDE\plugins\com.st.stm32cube.common.mx_6.3.0.202107141111\\db\/plugins/mcufinder/images/boards/nucleo-wb15cc_small.jpg
2022-10-18 03:35:30,582 [ERROR] DbBoards:189 - Image file not found for board NUCLEO-WB55RG: C:\ST\STM32CubeIDE_1.7.0\STM32CubeIDE\plugins\com.st.stm32cube.common.mx_6.3.0.202107141111\\db\/plugins/mcufinder/images/boards/nucleo-wb55rg_small.jpg
2022-10-18 03:35:32,277 [INFO] ApiDb:251 - Load user favorites file C:\Users\HP/.stm32cubeide/favorites.boards.txt: 0 item(s)
2022-10-18 03:35:32,277 [INFO] ApiDb:255 - User favorites Boards=[]
2022-10-18 03:35:32,277 [INFO] DbBoards:206 - Set 0 / 0 favorites Boards
2022-10-18 03:35:47,475 [INFO] DbMcusDocs:143 - JSON generation date=Tue Nov 16 23:17:54 ICT 2021 (1637079474)
2022-10-18 03:35:47,793 [INFO] DbMcusDocs:79 - Found 682 MCUs documents
2022-10-18 03:36:05,414 [INFO] MainUpdater:2671 - connection check result : 10
2022-10-18 03:36:05,415 [INFO] MainUpdater:2671 - connection check result : 10
2022-10-18 03:36:05,456 [INFO] MicroXplorer:448 - Change Database Path : 
2022-10-18 03:36:05,458 [INFO] MicroXplorer:478 - Change Database Version : DB.6.0.30
2022-10-18 03:36:05,458 [WARN] ThirdParty:813 - waiting for thirdparty lock release [close project]
2022-10-18 03:36:05,458 [INFO] ThirdParty:815 - entering critical section [close project]
2022-10-18 03:36:05,459 [INFO] ThirdParty:825 - exiting critical section [close project]
2022-10-18 03:36:05,463 [INFO] PinOutPanel:1463 - setPackage(No Configuration,No Configuration)
2022-10-18 03:36:05,464 [INFO] UtilMem:74 - Begin LoadConfig() Used Memory: 350177584 Bytes (536870912)
2022-10-18 03:36:05,465 [INFO] MicroXplorer:448 - Change Database Path : 
2022-10-18 03:36:05,465 [INFO] MicroXplorer:478 - Change Database Version : DB.6.0.30
2022-10-18 03:36:05,465 [INFO] OpenFileManager:313 - Change cursor
2022-10-18 03:36:06,058 [INFO] Context:592 - Trying to add GPIOservice into a context  which must be forbidden
2022-10-18 03:36:06,207 [INFO] ImportTextPane:167 - (OptionalMessage_ERROR) Unable to find key (Mcu.ThirdPartyNb) in loaded IOC file
2022-10-18 03:36:06,208 [INFO] ImportTextPane:167 - (OptionalMessage_ERROR) Unable to find key (Mcu.PinsNb) in loaded IOC file
2022-10-18 03:36:06,208 [INFO] ImportTextPane:167 - (OptionalMessage_ERROR) Unable to find key (Mcu.IPNb) in loaded IOC file
2022-10-18 03:36:06,248 [WARN] ApiManager:304 - Cannot register API 'Board Extension:GNSS1A1' from pack STMicroelectronics.X-CUBE-GNSS1.6.0.0: no header file found
2022-10-18 03:36:06,249 [WARN] ApiManager:304 - Cannot register API 'Board Support:Custom' from pack STMicroelectronics.X-CUBE-GNSS1.6.0.0: no header file found
2022-10-18 03:36:06,249 [WARN] ApiManager:304 - Cannot register API 'Data Exchange:lib_gnss' from pack STMicroelectronics.X-CUBE-GNSS1.6.0.0: no header file found
2022-10-18 03:36:06,261 [WARN] ModelIntegratedComponent:60 - No mode defined for component null
2022-10-18 03:36:06,261 [WARN] ModelIntegratedComponent:60 - No mode defined for component null
2022-10-18 03:36:06,261 [WARN] ModelIntegratedComponent:60 - No mode defined for component null
2022-10-18 03:36:06,261 [WARN] ModelIntegratedComponent:60 - No mode defined for component null
2022-10-18 03:36:06,261 [WARN] ModelIntegratedComponent:60 - No mode defined for component null
2022-10-18 03:36:06,261 [WARN] ModelIntegratedComponent:60 - No mode defined for component null
2022-10-18 03:36:06,261 [WARN] ModelIntegratedComponent:60 - No mode defined for component null
2022-10-18 03:36:06,261 [WARN] ModelIntegratedComponent:60 - No mode defined for component null
2022-10-18 03:36:06,261 [WARN] ModelIntegratedComponent:60 - No mode defined for component null
2022-10-18 03:36:06,261 [WARN] ModelIntegratedComponent:60 - No mode defined for component null
2022-10-18 03:36:06,261 [WARN] ModelIntegratedComponent:60 - No mode defined for component null
2022-10-18 03:36:06,262 [WARN] ModelIntegratedComponent:60 - No mode defined for component null
2022-10-18 03:36:06,262 [WARN] ModelIntegratedComponent:60 - No mode defined for component null
2022-10-18 03:36:06,262 [WARN] ModelIntegratedComponent:60 - No mode defined for component null
2022-10-18 03:36:06,262 [WARN] ModelIntegratedComponent:60 - No mode defined for component null
2022-10-18 03:36:06,262 [WARN] ModelIntegratedComponent:60 - No mode defined for component null
2022-10-18 03:36:06,262 [WARN] ModelIntegratedComponent:60 - No mode defined for component null
2022-10-18 03:36:06,262 [WARN] ModelIntegratedComponent:60 - No mode defined for component null
2022-10-18 03:36:06,262 [WARN] ModelIntegratedComponent:60 - No mode defined for component null
2022-10-18 03:36:06,262 [WARN] ModelIntegratedComponent:60 - No mode defined for component null
2022-10-18 03:36:06,262 [WARN] ModelIntegratedComponent:60 - No mode defined for component null
2022-10-18 03:36:06,262 [WARN] ModelIntegratedComponent:60 - No mode defined for component null
2022-10-18 03:36:06,262 [WARN] ModelIntegratedComponent:60 - No mode defined for component null
2022-10-18 03:36:06,262 [WARN] ModelIntegratedComponent:60 - No mode defined for component null
2022-10-18 03:36:06,262 [WARN] ModelIntegratedComponent:60 - No mode defined for component null
2022-10-18 03:36:06,262 [WARN] ModelIntegratedComponent:60 - No mode defined for component null
2022-10-18 03:36:06,262 [WARN] ModelIntegratedComponent:60 - No mode defined for component null
2022-10-18 03:36:06,263 [WARN] ModelIntegratedComponent:60 - No mode defined for component null
2022-10-18 03:36:06,263 [WARN] ModelIntegratedComponent:60 - No mode defined for component null
2022-10-18 03:36:06,263 [WARN] ModelIntegratedComponent:60 - No mode defined for component null
2022-10-18 03:36:06,263 [WARN] ModelIntegratedComponent:60 - No mode defined for component null
2022-10-18 03:36:06,266 [WARN] ApiManager:304 - Cannot register API 'Board Extension:NFC07A1' from pack STMicroelectronics.X-CUBE-NFC7.1.0.0: no header file found
2022-10-18 03:36:06,398 [WARN] ApiManager:304 - Cannot register API 'Board Extension:IKS01A3' from pack STMicroelectronics.X-CUBE-MEMS1.9.3.0: no header file found
2022-10-18 03:36:06,398 [WARN] ApiManager:304 - Cannot register API 'Board Extension:IKS01A2' from pack STMicroelectronics.X-CUBE-MEMS1.9.3.0: no header file found
2022-10-18 03:36:06,398 [WARN] ApiManager:304 - Cannot register API 'Board Extension:IKS02A1' from pack STMicroelectronics.X-CUBE-MEMS1.9.3.0: no header file found
2022-10-18 03:36:06,408 [WARN] ApiManager:304 - Cannot register API 'Wireless:BlueNRG-MS' from pack STMicroelectronics.X-CUBE-BLE1.6.2.3: no header file found
2022-10-18 03:36:06,410 [INFO] RtosManager:484 - Registered RTOS mode: class=CMSIS, group=RTOS, mode=CMSIS_V1, owner=FREERTOS
2022-10-18 03:36:06,410 [INFO] RtosManager:484 - Registered RTOS mode: class=CMSIS, group=RTOS2, mode=CMSIS_V2, owner=FREERTOS
2022-10-18 03:36:06,411 [INFO] RtosManager:484 - Registered RTOS mode: class=RTOS, group=Core, mode=CMSIS_V1, owner=FREERTOS
2022-10-18 03:36:06,411 [INFO] RtosManager:484 - Registered RTOS mode: class=RTOS, group=Core, mode=CMSIS_V2, owner=FREERTOS
2022-10-18 03:36:06,411 [WARN] ModelIntegratedComponent:181 - Missing modes for component STMicroelectronics:FreeRTOS:0.0.1:STMicroelectronics:RTOS:FreeRTOS:Core:::10.2.0:
2022-10-18 03:36:06,414 [WARN] ApiManager:304 - Cannot register API 'Board Extension:S2868A1' from pack STMicroelectronics.X-CUBE-SUBG2.5.0.0: no header file found
2022-10-18 03:36:06,414 [WARN] ApiManager:304 - Cannot register API 'Board Extension:S2868A2' from pack STMicroelectronics.X-CUBE-SUBG2.5.0.0: no header file found
2022-10-18 03:36:06,414 [WARN] ApiManager:304 - Cannot register API 'Board Extension:S2915A1' from pack STMicroelectronics.X-CUBE-SUBG2.5.0.0: no header file found
2022-10-18 03:36:06,418 [WARN] ApiManager:304 - Cannot register API 'Board Extension:EEPRMA1' from pack STMicroelectronics.X-CUBE-EEPRMA1.3.1.1: no header file found
2022-10-18 03:36:06,418 [WARN] ApiManager:304 - Cannot register API 'Board Extension:EEPRMA2' from pack STMicroelectronics.X-CUBE-EEPRMA1.3.1.1: no header file found
2022-10-18 03:36:06,419 [WARN] ApiManager:304 - Cannot register API 'Board Extension:S2868A1' from pack STMicroelectronics.X-CUBE-SFXS2LP1.4.0.0: no header file found
2022-10-18 03:36:06,419 [WARN] ApiManager:304 - Cannot register API 'Board Extension:S2868A2' from pack STMicroelectronics.X-CUBE-SFXS2LP1.4.0.0: no header file found
2022-10-18 03:36:06,419 [WARN] ApiManager:304 - Cannot register API 'Board Extension:S2915A1' from pack STMicroelectronics.X-CUBE-SFXS2LP1.4.0.0: no header file found
2022-10-18 03:36:06,420 [WARN] ApiManager:304 - Cannot register API 'Wireless:BlueNRG-2' from pack STMicroelectronics.X-CUBE-BLE2.3.3.0: no header file found
2022-10-18 03:36:06,420 [WARN] ApiManager:304 - Cannot register API 'Board Extension:NFC04A1' from pack STMicroelectronics.X-CUBE-NFC4.2.0.4: no header file found
2022-10-18 03:36:07,687 [INFO] UtilMem:74 - End LoadConfig() Used Memory: 318929280 Bytes (536870912)
2022-10-18 03:36:07,690 [WARN] ThirdParty:779 - waiting for thirdparty lock release [change project]
2022-10-18 03:36:07,690 [INFO] ThirdParty:781 - entering critical section [change project]
2022-10-18 03:36:07,690 [INFO] ThirdParty:967 - CMSIS Pack Vendor :RoweBots I-CUBE-UNISONRTOS 5.5.0-4
2022-10-18 03:36:07,690 [INFO] ThirdParty:967 - CMSIS Pack Vendor :STMicroelectronics X-CUBE-GNSS1 6.0.0
2022-10-18 03:36:07,690 [INFO] ThirdParty:967 - CMSIS Pack Vendor :STMicroelectronics X-CUBE-AZRTOS-H7 2.1.0
2022-10-18 03:36:07,690 [INFO] ThirdParty:967 - CMSIS Pack Vendor :STMicroelectronics USB_HOST 2.0.0
2022-10-18 03:36:07,690 [INFO] ThirdParty:967 - CMSIS Pack Vendor :STMicroelectronics X-CUBE-AZRTOS-F4 1.1.0
2022-10-18 03:36:07,690 [INFO] ThirdParty:967 - CMSIS Pack Vendor :STMicroelectronics X-CUBE-AZRTOS-G4 1.0.0
2022-10-18 03:36:07,690 [INFO] ThirdParty:967 - CMSIS Pack Vendor :STMicroelectronics FP-ATR-SIGFOX1 3.2.0
2022-10-18 03:36:07,690 [INFO] ThirdParty:967 - CMSIS Pack Vendor :STMicroelectronics X-CUBE-AZRTOS-L4 1.0.0
2022-10-18 03:36:07,690 [INFO] ThirdParty:967 - CMSIS Pack Vendor :STMicroelectronics USB_DEVICE 3.0.0
2022-10-18 03:36:07,690 [INFO] ThirdParty:967 - CMSIS Pack Vendor :wolfSSL I-CUBE-wolfSSL 5.5.0
2022-10-18 03:36:07,690 [INFO] ThirdParty:967 - CMSIS Pack Vendor :STMicroelectronics HAL Drivers 0.0.0
2022-10-18 03:36:07,690 [INFO] ThirdParty:967 - CMSIS Pack Vendor :STMicroelectronics MBEDTLS 2.16.2
2022-10-18 03:36:07,690 [INFO] ThirdParty:967 - CMSIS Pack Vendor :emotas I-CUBE-CANOPEN 1.1.2
2022-10-18 03:36:07,690 [INFO] ThirdParty:967 - CMSIS Pack Vendor :STMicroelectronics X-CUBE-TOUCHGFX 4.20.0
2022-10-18 03:36:07,691 [INFO] ThirdParty:967 - CMSIS Pack Vendor :STMicroelectronics MBEDTLS 2.14.1
2022-10-18 03:36:07,691 [INFO] ThirdParty:967 - CMSIS Pack Vendor :STMicroelectronics X-CUBE-NFC7 1.0.0
2022-10-18 03:36:07,691 [INFO] ThirdParty:967 - CMSIS Pack Vendor :STMicroelectronics X-CUBE-BLEMGR 1.0.0
2022-10-18 03:36:07,691 [INFO] ThirdParty:967 - CMSIS Pack Vendor :STMicroelectronics X-CUBE-BLEMGR 1.2.0
2022-10-18 03:36:07,691 [INFO] ThirdParty:967 - CMSIS Pack Vendor :STMicroelectronics X-CUBE-AZRTOS-WL 1.0.0
2022-10-18 03:36:07,691 [INFO] ThirdParty:967 - CMSIS Pack Vendor :STMicroelectronics X-CUBE-AZRTOS-F7 1.1.0
2022-10-18 03:36:07,691 [INFO] ThirdParty:967 - CMSIS Pack Vendor :STMicroelectronics X-CUBE-MEMS1 9.3.0
2022-10-18 03:36:07,691 [INFO] ThirdParty:967 - CMSIS Pack Vendor :portGmbH I-Cube-SoM-uGOAL 1.1.0
2022-10-18 03:36:07,691 [INFO] ThirdParty:967 - CMSIS Pack Vendor :STMicroelectronics X-CUBE-ALS 1.0.1
2022-10-18 03:36:07,691 [INFO] ThirdParty:967 - CMSIS Pack Vendor :STMicroelectronics USB_DEVICE 2.0.0
2022-10-18 03:36:07,691 [INFO] ThirdParty:967 - CMSIS Pack Vendor :STMicroelectronics X-CUBE-AI 7.2.0
2022-10-18 03:36:07,691 [INFO] ThirdParty:967 - CMSIS Pack Vendor :STMicroelectronics X-CUBE-BLE1 6.2.3
2022-10-18 03:36:07,691 [INFO] ThirdParty:967 - CMSIS Pack Vendor :STMicroelectronics X-CUBE-ALGOBUILD 1.3.0
2022-10-18 03:36:07,691 [INFO] ThirdParty:967 - CMSIS Pack Vendor :STMicroelectronics X-CUBE-AZRTOS-L5 1.0.0
2022-10-18 03:36:07,691 [INFO] ThirdParty:967 - CMSIS Pack Vendor :STMicroelectronics FreeRTOS 0.0.1
2022-10-18 03:36:07,691 [INFO] ThirdParty:967 - CMSIS Pack Vendor :STMicroelectronics X-CUBE-AZRTOS-G0 1.1.0
2022-10-18 03:36:07,691 [INFO] ThirdParty:967 - CMSIS Pack Vendor :STMicroelectronics USB_DEVICE 1.0.0
2022-10-18 03:36:07,691 [INFO] ThirdParty:967 - CMSIS Pack Vendor :STMicroelectronics X-CUBE-SUBG2 5.0.0
2022-10-18 03:36:07,691 [INFO] ThirdParty:967 - CMSIS Pack Vendor :SEGGER I-CUBE-embOS 1.2.0
2022-10-18 03:36:07,691 [INFO] ThirdParty:967 - CMSIS Pack Vendor :STMicroelectronics X-CUBE-EEPRMA1 3.1.1
2022-10-18 03:36:07,691 [INFO] ThirdParty:967 - CMSIS Pack Vendor :STMicroelectronics ThreadX 0.0.2
2022-10-18 03:36:07,691 [INFO] ThirdParty:967 - CMSIS Pack Vendor :STMicroelectronics lwIP 2.0.3
2022-10-18 03:36:07,692 [INFO] ThirdParty:967 - CMSIS Pack Vendor :STMicroelectronics lwIP 2.1.2
2022-10-18 03:36:07,692 [INFO] ThirdParty:967 - CMSIS Pack Vendor :STMicroelectronics X-CUBE-SFXS2LP1 4.0.0
2022-10-18 03:36:07,692 [INFO] ThirdParty:967 - CMSIS Pack Vendor :STMicroelectronics X-CUBE-BLE2 3.3.0
2022-10-18 03:36:07,692 [INFO] ThirdParty:967 - CMSIS Pack Vendor :STMicroelectronics X-CUBE-NFC4 2.0.4
2022-10-18 03:36:07,692 [INFO] ThirdParty:967 - CMSIS Pack Vendor :STMicroelectronics USB_HOST 1.0.0
2022-10-18 03:36:07,692 [INFO] ThirdParty:967 - CMSIS Pack Vendor :STMicroelectronics X-CUBE-DISPLAY 2.2.0
2022-10-18 03:36:07,692 [INFO] ThirdParty:967 - CMSIS Pack Vendor :STMicroelectronics PDM2PCM 3.1.0
2022-10-18 03:36:07,692 [INFO] ThirdParty:967 - CMSIS Pack Vendor :STMicroelectronics FP-ATR-ASTRA1 1.1.1
2022-10-18 03:36:07,692 [INFO] ThirdParty:967 - CMSIS Pack Vendor :STMicroelectronics PDM2PCM 3.2.0
2022-10-18 03:36:07,692 [INFO] ThirdParty:967 - CMSIS Pack Vendor :STMicroelectronics PDM2PCM 3.3.0
2022-10-18 03:36:07,692 [INFO] ThirdParty:967 - CMSIS Pack Vendor :STMicroelectronics X-CUBE-TOF1 3.1.0
2022-10-18 03:36:07,692 [INFO] ThirdParty:967 - CMSIS Pack Vendor :STMicroelectronics X-CUBE-ISPU 1.0.0
2022-10-18 03:36:07,692 [INFO] ThirdParty:787 - exiting critical section [change project]
2022-10-18 03:36:07,877 [INFO] PinOutPanel:1463 - setPackage(No Configuration,No Configuration)
2022-10-18 03:36:07,878 [INFO] PinOutPanel:1463 - setPackage(STM32F103C6Ux,UFQFPN48)
2022-10-18 03:36:08,195 [INFO] UtilMem:74 - Before build in PCC Used Memory: 420631432 Bytes (536870912)
2022-10-18 03:36:08,732 [INFO] UtilMem:74 - After build in PCC Used Memory: 293771608 Bytes (536870912)
2022-10-18 03:36:08,752 [INFO] IPUIPlugin:74 - create IPUIPlugin
2022-10-18 03:36:08,752 [INFO] IPUIPlugin:74 - create IPUIPlugin
2022-10-18 03:36:08,752 [INFO] IPUIPlugin:74 - create IPUIPlugin
2022-10-18 03:36:08,753 [INFO] IPUIPlugin:74 - create IPUIPlugin
2022-10-18 03:36:08,753 [INFO] IPUIPlugin:74 - create IPUIPlugin
2022-10-18 03:36:08,753 [INFO] IPUIPlugin:74 - create IPUIPlugin
2022-10-18 03:36:08,753 [INFO] IPUIPlugin:74 - create IPUIPlugin
2022-10-18 03:36:08,753 [INFO] IPUIPlugin:74 - create IPUIPlugin
2022-10-18 03:36:08,753 [INFO] IPUIPlugin:74 - create IPUIPlugin
2022-10-18 03:36:08,753 [INFO] IPUIPlugin:74 - create IPUIPlugin
2022-10-18 03:36:08,754 [INFO] IPUIPlugin:74 - create IPUIPlugin
2022-10-18 03:36:08,754 [INFO] IPUIPlugin:74 - create IPUIPlugin
2022-10-18 03:36:08,754 [INFO] IPUIPlugin:74 - create IPUIPlugin
2022-10-18 03:36:08,754 [INFO] IPUIPlugin:74 - create IPUIPlugin
2022-10-18 03:36:08,755 [INFO] IPUIPlugin:74 - create IPUIPlugin
2022-10-18 03:36:08,755 [INFO] IPUIPlugin:74 - create IPUIPlugin
2022-10-18 03:36:08,755 [INFO] IPUIPlugin:74 - create IPUIPlugin
2022-10-18 03:36:08,756 [INFO] IPUIPlugin:74 - create IPUIPlugin
2022-10-18 03:36:08,756 [INFO] IPUIPlugin:74 - create IPUIPlugin
2022-10-18 03:36:08,756 [INFO] IPUIPlugin:74 - create IPUIPlugin
2022-10-18 03:36:08,757 [INFO] IPUIPlugin:74 - create IPUIPlugin
2022-10-18 03:36:08,757 [INFO] IPUIPlugin:74 - create IPUIPlugin
2022-10-18 03:36:08,757 [INFO] IPUIPlugin:74 - create IPUIPlugin
2022-10-18 03:36:08,883 [INFO] OpenFileManager:333 - Restore cursor
2022-10-18 03:36:09,106 [INFO] UtilMem:74 - End SaveConfig() Used Memory: 360886680 Bytes (536870912)
2022-10-18 03:36:09,148 [INFO] UtilMem:74 - End SaveConfig() Used Memory: 372937048 Bytes (536870912)
2022-10-18 03:36:09,457 [INFO] BlockDiagram:2740 - set Specific Code input for plugin: NVIC
2022-10-18 03:36:09,457 [INFO] BlockDiagram:2740 - set Specific Code input for plugin: SYS
2022-10-18 03:36:09,458 [INFO] BlockDiagram:2740 - set Specific Code input for plugin: RCC
2022-10-18 03:36:09,459 [INFO] CodeGenerator:663 - code generatio: config db path: C:\ST\STM32CubeIDE_1.7.0\STM32CubeIDE\plugins\com.st.stm32cube.common.mx_6.3.0.202107141111\\db\
2022-10-18 03:36:09,832 [INFO] CodeEngine:239 - oldGeneratedFile, C:\Users\HP\STM32CubeIDE\workspace_1.7.0\Exercise1\MXTmpFiles\license.tmp_save
2022-10-18 03:36:10,208 [INFO] CodeEngine:257 - Generated code: C:\Users\HP\STM32CubeIDE\workspace_1.7.0\Exercise1\MXTmpFiles\license.tmp
2022-10-18 03:36:10,297 [INFO] CodeEngine:239 - oldGeneratedFile, C:\Users\HP\STM32CubeIDE\workspace_1.7.0\Exercise1\Core\Src\stm32f1xx_it.c_save
2022-10-18 03:36:10,437 [INFO] CodeEngine:257 - Generated code: C:\Users\HP\STM32CubeIDE\workspace_1.7.0\Exercise1\Core\Src\stm32f1xx_it.c
2022-10-18 03:36:10,440 [INFO] CodeEngine:239 - oldGeneratedFile, C:\Users\HP\STM32CubeIDE\workspace_1.7.0\Exercise1\Core\Inc\stm32f1xx_it.h_save
2022-10-18 03:36:10,535 [INFO] CodeEngine:257 - Generated code: C:\Users\HP\STM32CubeIDE\workspace_1.7.0\Exercise1\Core\Inc\stm32f1xx_it.h
2022-10-18 03:36:10,552 [INFO] CodeEngine:239 - oldGeneratedFile, C:\Users\HP\STM32CubeIDE\workspace_1.7.0\Exercise1\Core\Src\stm32f1xx_hal_msp.c_save
2022-10-18 03:36:10,675 [INFO] CodeEngine:257 - Generated code: C:\Users\HP\STM32CubeIDE\workspace_1.7.0\Exercise1\Core\Src\stm32f1xx_hal_msp.c
2022-10-18 03:36:10,678 [INFO] CodeEngine:239 - oldGeneratedFile, C:\Users\HP\STM32CubeIDE\workspace_1.7.0\Exercise1\MXTmpFiles\system.tmp_save
2022-10-18 03:36:10,749 [INFO] CodeEngine:257 - Generated code: C:\Users\HP\STM32CubeIDE\workspace_1.7.0\Exercise1\MXTmpFiles\system.tmp
2022-10-18 03:36:10,759 [INFO] CodeEngine:239 - oldGeneratedFile, C:\Users\HP\STM32CubeIDE\workspace_1.7.0\Exercise1\Core\Inc\stm32f1xx_hal_conf.h_save
2022-10-18 03:36:10,834 [INFO] CodeEngine:257 - Generated code: C:\Users\HP\STM32CubeIDE\workspace_1.7.0\Exercise1\Core\Inc\stm32f1xx_hal_conf.h
2022-10-18 03:36:10,869 [INFO] CodeEngine:239 - oldGeneratedFile, C:\Users\HP\STM32CubeIDE\workspace_1.7.0\Exercise1\Core\Inc\main.h_save
2022-10-18 03:36:10,947 [INFO] CodeEngine:257 - Generated code: C:\Users\HP\STM32CubeIDE\workspace_1.7.0\Exercise1\Core\Inc\main.h
2022-10-18 03:36:10,951 [INFO] CodeEngine:239 - oldGeneratedFile, C:\Users\HP\STM32CubeIDE\workspace_1.7.0\Exercise1\Core\Src\main.c_save
2022-10-18 03:36:11,088 [INFO] CodeEngine:257 - Generated code: C:\Users\HP\STM32CubeIDE\workspace_1.7.0\Exercise1\Core\Src\main.c
2022-10-18 03:36:12,203 [INFO] ProjectBuilder:2578 - Time for Copy HAL[1] : 283mS.
2022-10-18 03:36:12,209 [INFO] ProjectBuilder:3622 - Project Generator version: 3.14.1
2022-10-18 03:36:12,601 [INFO] ConfigFileManager:1271 - The Die is : DIE412
2022-10-18 03:36:12,615 [INFO] ApiDbMcu:468 - Load IP Config File for FATFS
2022-10-18 03:36:12,639 [INFO] ApiDbMcu:468 - Load IP Config File for FREERTOS
2022-10-18 03:36:12,659 [INFO] ApiDbMcu:468 - Load IP Config File for USB_DEVICE
2022-10-18 03:36:19,433 [INFO] ProjectBuilder:3789 - Time for Generating toolchain IDE Files: 7224mS.
2022-10-18 03:36:19,434 [INFO] ProjectBuilder:2457 - Time for Copy CMSIS : 1mS.
2022-10-18 03:36:19,438 [INFO] ProjectBuilder:2457 - Time for Copy CMSIS : 0mS.
2022-10-18 03:36:20,170 [INFO] McuFinderGlobals:52 - Set McuFinderConnectedMode to true
2022-10-18 03:36:20,174 [INFO] ApiDb:276 - Save user favorites file C:\Users\HP/.stm32cubeide/favorites.mcus.txt: 0 item(s)
2022-10-18 03:36:20,174 [INFO] ApiDb:280 - User favorites MCUs=[]
2022-10-18 03:41:11,842 [INFO] NvicIntPanel:96 - NVIC parent = com.st.microxplorer.plugins.ip.nvic.MultiNvicIntPanel[,0,0,0x0,invalid,layout=javax.swing.BoxLayout,alignmentX=0.0,alignmentY=0.0,border=,flags=9,maximumSize=,minimumSize=,preferredSize=]
2022-10-18 03:41:13,366 [INFO] NvicIntPanel:96 - NVIC parent = com.st.microxplorer.plugins.ip.nvic.MultiNvicIntPanel[,0,0,0x0,invalid,layout=javax.swing.BoxLayout,alignmentX=0.0,alignmentY=0.0,border=,flags=9,maximumSize=,minimumSize=,preferredSize=]
2022-10-18 03:43:50,571 [INFO] UtilMem:74 - End SaveConfig() Used Memory: 750374880 Bytes (848297984)
2022-10-18 03:43:52,720 [INFO] UtilMem:74 - End SaveConfig() Used Memory: 627407104 Bytes (848297984)
2022-10-18 03:43:55,431 [INFO] UtilMem:74 - End SaveConfig() Used Memory: 706566048 Bytes (848297984)
2022-10-18 03:43:55,765 [INFO] BlockDiagram:2740 - set Specific Code input for plugin: NVIC
2022-10-18 03:43:55,766 [INFO] BlockDiagram:2740 - set Specific Code input for plugin: SYS
2022-10-18 03:43:55,766 [INFO] BlockDiagram:2740 - set Specific Code input for plugin: GPIO
2022-10-18 03:43:55,766 [INFO] BlockDiagram:2740 - set Specific Code input for plugin: RCC
2022-10-18 03:43:55,766 [INFO] BlockDiagram:2740 - set Specific Code input for plugin: TIM1_8F1
2022-10-18 03:43:55,766 [INFO] CodeGenerator:663 - code generatio: config db path: C:\ST\STM32CubeIDE_1.7.0\STM32CubeIDE\plugins\com.st.stm32cube.common.mx_6.3.0.202107141111\\db\
2022-10-18 03:43:56,160 [INFO] CodeEngine:239 - oldGeneratedFile, C:\Users\HP\STM32CubeIDE\workspace_1.7.0\Exercise1\MXTmpFiles\license.tmp_save
2022-10-18 03:43:56,218 [INFO] CodeEngine:257 - Generated code: C:\Users\HP\STM32CubeIDE\workspace_1.7.0\Exercise1\MXTmpFiles\license.tmp
2022-10-18 03:43:56,270 [INFO] CodeEngine:239 - oldGeneratedFile, C:\Users\HP\STM32CubeIDE\workspace_1.7.0\Exercise1\MXTmpFiles\gpio.tmp_save
2022-10-18 03:43:56,350 [INFO] CodeEngine:257 - Generated code: C:\Users\HP\STM32CubeIDE\workspace_1.7.0\Exercise1\MXTmpFiles\gpio.tmp
2022-10-18 03:43:56,491 [INFO] CodeEngine:239 - oldGeneratedFile, C:\Users\HP\STM32CubeIDE\workspace_1.7.0\Exercise1\Core\Src\stm32f1xx_it.c_save
2022-10-18 03:43:56,579 [INFO] CodeEngine:257 - Generated code: C:\Users\HP\STM32CubeIDE\workspace_1.7.0\Exercise1\Core\Src\stm32f1xx_it.c
2022-10-18 03:43:56,583 [INFO] CodeEngine:239 - oldGeneratedFile, C:\Users\HP\STM32CubeIDE\workspace_1.7.0\Exercise1\Core\Inc\stm32f1xx_it.h_save
2022-10-18 03:43:56,667 [INFO] CodeEngine:257 - Generated code: C:\Users\HP\STM32CubeIDE\workspace_1.7.0\Exercise1\Core\Inc\stm32f1xx_it.h
2022-10-18 03:43:56,682 [INFO] CodeEngine:239 - oldGeneratedFile, C:\Users\HP\STM32CubeIDE\workspace_1.7.0\Exercise1\Core\Src\stm32f1xx_hal_msp.c_save
2022-10-18 03:43:56,781 [INFO] CodeEngine:257 - Generated code: C:\Users\HP\STM32CubeIDE\workspace_1.7.0\Exercise1\Core\Src\stm32f1xx_hal_msp.c
2022-10-18 03:43:56,784 [INFO] CodeEngine:239 - oldGeneratedFile, C:\Users\HP\STM32CubeIDE\workspace_1.7.0\Exercise1\MXTmpFiles\system.tmp_save
2022-10-18 03:43:56,849 [INFO] CodeEngine:257 - Generated code: C:\Users\HP\STM32CubeIDE\workspace_1.7.0\Exercise1\MXTmpFiles\system.tmp
2022-10-18 03:43:56,865 [INFO] CodeEngine:239 - oldGeneratedFile, C:\Users\HP\STM32CubeIDE\workspace_1.7.0\Exercise1\Core\Inc\stm32f1xx_hal_conf.h_save
2022-10-18 03:43:56,951 [INFO] CodeEngine:257 - Generated code: C:\Users\HP\STM32CubeIDE\workspace_1.7.0\Exercise1\Core\Inc\stm32f1xx_hal_conf.h
2022-10-18 03:43:56,966 [WARN] IPConfigManager:3148 - IP not found : TIM
2022-10-18 03:43:56,966 [WARN] CodeGenerator:3268 - IP not found : null
2022-10-18 03:43:56,980 [INFO] CodeEngine:239 - oldGeneratedFile, C:\Users\HP\STM32CubeIDE\workspace_1.7.0\Exercise1\Core\Inc\main.h_save
2022-10-18 03:43:57,067 [INFO] CodeEngine:257 - Generated code: C:\Users\HP\STM32CubeIDE\workspace_1.7.0\Exercise1\Core\Inc\main.h
2022-10-18 03:43:57,079 [INFO] CodeEngine:239 - oldGeneratedFile, C:\Users\HP\STM32CubeIDE\workspace_1.7.0\Exercise1\Core\Src\main.c_save
2022-10-18 03:43:57,227 [INFO] CodeEngine:257 - Generated code: C:\Users\HP\STM32CubeIDE\workspace_1.7.0\Exercise1\Core\Src\main.c
2022-10-18 03:43:58,072 [INFO] ProjectBuilder:2578 - Time for Copy HAL[1] : 199mS.
2022-10-18 03:43:58,077 [INFO] ProjectBuilder:3622 - Project Generator version: 3.14.1
2022-10-18 03:43:58,528 [INFO] ConfigFileManager:1271 - The Die is : DIE412
2022-10-18 03:44:01,395 [INFO] ProjectBuilder:3789 - Time for Generating toolchain IDE Files: 3318mS.
2022-10-18 03:44:01,396 [INFO] ProjectBuilder:2457 - Time for Copy CMSIS : 1mS.
2022-10-18 03:44:01,400 [INFO] ProjectBuilder:2457 - Time for Copy CMSIS : 0mS.
2022-10-18 03:52:55,953 [INFO] UtilMem:74 - End SaveConfig() Used Memory: 814908088 Bytes (1034944512)
2022-10-18 03:52:57,653 [INFO] UtilMem:74 - End SaveConfig() Used Memory: 694555552 Bytes (1034944512)
2022-10-18 03:52:59,586 [INFO] UtilMem:74 - End SaveConfig() Used Memory: 772150176 Bytes (1034944512)
2022-10-18 03:53:00,040 [INFO] BlockDiagram:2740 - set Specific Code input for plugin: NVIC
2022-10-18 03:53:00,040 [INFO] BlockDiagram:2740 - set Specific Code input for plugin: SYS
2022-10-18 03:53:00,040 [INFO] BlockDiagram:2740 - set Specific Code input for plugin: GPIO
2022-10-18 03:53:00,040 [INFO] BlockDiagram:2740 - set Specific Code input for plugin: RCC
2022-10-18 03:53:00,040 [INFO] BlockDiagram:2740 - set Specific Code input for plugin: TIM1_8F1
2022-10-18 03:53:00,041 [INFO] CodeGenerator:663 - code generatio: config db path: C:\ST\STM32CubeIDE_1.7.0\STM32CubeIDE\plugins\com.st.stm32cube.common.mx_6.3.0.202107141111\\db\
2022-10-18 03:53:00,430 [INFO] CodeEngine:239 - oldGeneratedFile, C:\Users\HP\STM32CubeIDE\workspace_1.7.0\Exercise1\MXTmpFiles\license.tmp_save
2022-10-18 03:53:00,556 [INFO] CodeEngine:257 - Generated code: C:\Users\HP\STM32CubeIDE\workspace_1.7.0\Exercise1\MXTmpFiles\license.tmp
2022-10-18 03:53:00,608 [INFO] CodeEngine:239 - oldGeneratedFile, C:\Users\HP\STM32CubeIDE\workspace_1.7.0\Exercise1\MXTmpFiles\gpio.tmp_save
2022-10-18 03:53:00,692 [INFO] CodeEngine:257 - Generated code: C:\Users\HP\STM32CubeIDE\workspace_1.7.0\Exercise1\MXTmpFiles\gpio.tmp
2022-10-18 03:53:00,799 [INFO] CodeEngine:239 - oldGeneratedFile, C:\Users\HP\STM32CubeIDE\workspace_1.7.0\Exercise1\Core\Src\stm32f1xx_it.c_save
2022-10-18 03:53:00,894 [INFO] CodeEngine:257 - Generated code: C:\Users\HP\STM32CubeIDE\workspace_1.7.0\Exercise1\Core\Src\stm32f1xx_it.c
2022-10-18 03:53:00,902 [INFO] CodeEngine:239 - oldGeneratedFile, C:\Users\HP\STM32CubeIDE\workspace_1.7.0\Exercise1\Core\Inc\stm32f1xx_it.h_save
2022-10-18 03:53:00,979 [INFO] CodeEngine:257 - Generated code: C:\Users\HP\STM32CubeIDE\workspace_1.7.0\Exercise1\Core\Inc\stm32f1xx_it.h
2022-10-18 03:53:00,999 [INFO] CodeEngine:239 - oldGeneratedFile, C:\Users\HP\STM32CubeIDE\workspace_1.7.0\Exercise1\Core\Src\stm32f1xx_hal_msp.c_save
2022-10-18 03:53:01,112 [INFO] CodeEngine:257 - Generated code: C:\Users\HP\STM32CubeIDE\workspace_1.7.0\Exercise1\Core\Src\stm32f1xx_hal_msp.c
2022-10-18 03:53:01,115 [INFO] CodeEngine:239 - oldGeneratedFile, C:\Users\HP\STM32CubeIDE\workspace_1.7.0\Exercise1\MXTmpFiles\system.tmp_save
2022-10-18 03:53:01,165 [INFO] CodeEngine:257 - Generated code: C:\Users\HP\STM32CubeIDE\workspace_1.7.0\Exercise1\MXTmpFiles\system.tmp
2022-10-18 03:53:01,181 [INFO] CodeEngine:239 - oldGeneratedFile, C:\Users\HP\STM32CubeIDE\workspace_1.7.0\Exercise1\Core\Inc\stm32f1xx_hal_conf.h_save
2022-10-18 03:53:01,263 [INFO] CodeEngine:257 - Generated code: C:\Users\HP\STM32CubeIDE\workspace_1.7.0\Exercise1\Core\Inc\stm32f1xx_hal_conf.h
2022-10-18 03:53:01,278 [WARN] IPConfigManager:3148 - IP not found : TIM
2022-10-18 03:53:01,279 [WARN] CodeGenerator:3268 - IP not found : null
2022-10-18 03:53:01,294 [INFO] CodeEngine:239 - oldGeneratedFile, C:\Users\HP\STM32CubeIDE\workspace_1.7.0\Exercise1\Core\Inc\main.h_save
2022-10-18 03:53:01,363 [INFO] CodeEngine:257 - Generated code: C:\Users\HP\STM32CubeIDE\workspace_1.7.0\Exercise1\Core\Inc\main.h
2022-10-18 03:53:01,375 [INFO] CodeEngine:239 - oldGeneratedFile, C:\Users\HP\STM32CubeIDE\workspace_1.7.0\Exercise1\Core\Src\main.c_save
2022-10-18 03:53:01,498 [INFO] CodeEngine:257 - Generated code: C:\Users\HP\STM32CubeIDE\workspace_1.7.0\Exercise1\Core\Src\main.c
2022-10-18 03:53:02,441 [INFO] ProjectBuilder:2578 - Time for Copy HAL[1] : 175mS.
2022-10-18 03:53:02,445 [INFO] ProjectBuilder:3622 - Project Generator version: 3.14.1
2022-10-18 03:53:02,866 [INFO] ConfigFileManager:1271 - The Die is : DIE412
2022-10-18 03:53:05,163 [INFO] ProjectBuilder:3789 - Time for Generating toolchain IDE Files: 2718mS.
2022-10-18 03:53:05,165 [INFO] ProjectBuilder:2457 - Time for Copy CMSIS : 1mS.
2022-10-18 03:53:05,173 [INFO] ProjectBuilder:2457 - Time for Copy CMSIS : 0mS.
2022-10-18 03:56:38,082 [INFO] MainUpdater:2671 - connection check result : 10
2022-10-18 03:56:38,163 [INFO] McuFinderGlobals:52 - Set McuFinderConnectedMode to false
2022-10-18 03:56:38,209 [INFO] CrossSelectorPresenter:1330 - Cross Selector saved comparison directory: C:\Users\HP\.stmcufinder\plugins\mcufinder\mcu\cs_comparisons_mx
2022-10-18 03:56:38,210 [INFO] MultiScanPanel:197 - Auto-refresh data requested => check proxy status ongoing
2022-10-18 03:56:38,210 [INFO] MultiScanPanel:201 - Proxy status is invalid
2022-10-18 03:56:38,210 [INFO] FinderPluginLoader:87 - Searching for filters in installed packs
2022-10-18 03:56:38,554 [INFO] DetailPanel:309 - Set advertising image to C:/Users/HP/STM32Cube/Repository/\en.Prom_NBSTM32U50921.jpg
2022-10-18 03:56:47,282 [INFO] McuFinderGlobals:52 - Set McuFinderConnectedMode to true
2022-10-18 03:56:47,562 [INFO] ApiDb:276 - Save user favorites file C:\Users\HP/.stm32cubeide/favorites.mcus.txt: 0 item(s)
2022-10-18 03:56:47,562 [INFO] ApiDb:280 - User favorites MCUs=[]
2022-10-18 04:37:16,839 [INFO] UtilMem:74 - End SaveConfig() Used Memory: 783803016 Bytes (1061158912)
2022-10-18 04:37:18,438 [INFO] UtilMem:74 - End SaveConfig() Used Memory: 808968840 Bytes (1061158912)
2022-10-18 04:37:20,250 [INFO] UtilMem:74 - End SaveConfig() Used Memory: 885514888 Bytes (1061158912)
2022-10-18 04:37:20,625 [INFO] BlockDiagram:2740 - set Specific Code input for plugin: NVIC
2022-10-18 04:37:20,625 [INFO] BlockDiagram:2740 - set Specific Code input for plugin: SYS
2022-10-18 04:37:20,625 [INFO] BlockDiagram:2740 - set Specific Code input for plugin: GPIO
2022-10-18 04:37:20,625 [INFO] BlockDiagram:2740 - set Specific Code input for plugin: RCC
2022-10-18 04:37:20,626 [INFO] BlockDiagram:2740 - set Specific Code input for plugin: TIM1_8F1
2022-10-18 04:37:20,627 [INFO] CodeGenerator:663 - code generatio: config db path: C:\ST\STM32CubeIDE_1.7.0\STM32CubeIDE\plugins\com.st.stm32cube.common.mx_6.3.0.202107141111\\db\
2022-10-18 04:37:20,912 [INFO] CodeEngine:239 - oldGeneratedFile, C:\Users\HP\STM32CubeIDE\workspace_1.7.0\Exercise1\MXTmpFiles\license.tmp_save
2022-10-18 04:37:20,974 [INFO] CodeEngine:257 - Generated code: C:\Users\HP\STM32CubeIDE\workspace_1.7.0\Exercise1\MXTmpFiles\license.tmp
2022-10-18 04:37:20,999 [INFO] CodeEngine:239 - oldGeneratedFile, C:\Users\HP\STM32CubeIDE\workspace_1.7.0\Exercise1\MXTmpFiles\gpio.tmp_save
2022-10-18 04:37:21,126 [INFO] CodeEngine:257 - Generated code: C:\Users\HP\STM32CubeIDE\workspace_1.7.0\Exercise1\MXTmpFiles\gpio.tmp
2022-10-18 04:37:21,211 [INFO] CodeEngine:239 - oldGeneratedFile, C:\Users\HP\STM32CubeIDE\workspace_1.7.0\Exercise1\Core\Src\stm32f1xx_it.c_save
2022-10-18 04:37:21,292 [INFO] CodeEngine:257 - Generated code: C:\Users\HP\STM32CubeIDE\workspace_1.7.0\Exercise1\Core\Src\stm32f1xx_it.c
2022-10-18 04:37:21,297 [INFO] CodeEngine:239 - oldGeneratedFile, C:\Users\HP\STM32CubeIDE\workspace_1.7.0\Exercise1\Core\Inc\stm32f1xx_it.h_save
2022-10-18 04:37:21,369 [INFO] CodeEngine:257 - Generated code: C:\Users\HP\STM32CubeIDE\workspace_1.7.0\Exercise1\Core\Inc\stm32f1xx_it.h
2022-10-18 04:37:21,395 [INFO] CodeEngine:239 - oldGeneratedFile, C:\Users\HP\STM32CubeIDE\workspace_1.7.0\Exercise1\Core\Src\stm32f1xx_hal_msp.c_save
2022-10-18 04:37:21,503 [INFO] CodeEngine:257 - Generated code: C:\Users\HP\STM32CubeIDE\workspace_1.7.0\Exercise1\Core\Src\stm32f1xx_hal_msp.c
2022-10-18 04:37:21,507 [INFO] CodeEngine:239 - oldGeneratedFile, C:\Users\HP\STM32CubeIDE\workspace_1.7.0\Exercise1\MXTmpFiles\system.tmp_save
2022-10-18 04:37:21,554 [INFO] CodeEngine:257 - Generated code: C:\Users\HP\STM32CubeIDE\workspace_1.7.0\Exercise1\MXTmpFiles\system.tmp
2022-10-18 04:37:21,568 [INFO] CodeEngine:239 - oldGeneratedFile, C:\Users\HP\STM32CubeIDE\workspace_1.7.0\Exercise1\Core\Inc\stm32f1xx_hal_conf.h_save
2022-10-18 04:37:21,649 [INFO] CodeEngine:257 - Generated code: C:\Users\HP\STM32CubeIDE\workspace_1.7.0\Exercise1\Core\Inc\stm32f1xx_hal_conf.h
2022-10-18 04:37:21,663 [WARN] IPConfigManager:3148 - IP not found : TIM
2022-10-18 04:37:21,663 [WARN] CodeGenerator:3268 - IP not found : null
2022-10-18 04:37:21,675 [INFO] CodeEngine:239 - oldGeneratedFile, C:\Users\HP\STM32CubeIDE\workspace_1.7.0\Exercise1\Core\Inc\main.h_save
2022-10-18 04:37:21,747 [INFO] CodeEngine:257 - Generated code: C:\Users\HP\STM32CubeIDE\workspace_1.7.0\Exercise1\Core\Inc\main.h
2022-10-18 04:37:21,756 [INFO] CodeEngine:239 - oldGeneratedFile, C:\Users\HP\STM32CubeIDE\workspace_1.7.0\Exercise1\Core\Src\main.c_save
2022-10-18 04:37:21,895 [INFO] CodeEngine:257 - Generated code: C:\Users\HP\STM32CubeIDE\workspace_1.7.0\Exercise1\Core\Src\main.c
2022-10-18 04:37:22,677 [INFO] ProjectBuilder:2578 - Time for Copy HAL[1] : 156mS.
2022-10-18 04:37:22,680 [INFO] ProjectBuilder:3622 - Project Generator version: 3.14.1
2022-10-18 04:37:23,146 [INFO] ConfigFileManager:1271 - The Die is : DIE412
2022-10-18 04:37:26,135 [INFO] ProjectBuilder:3789 - Time for Generating toolchain IDE Files: 3455mS.
2022-10-18 04:37:26,136 [INFO] ProjectBuilder:2457 - Time for Copy CMSIS : 1mS.
2022-10-18 04:37:26,140 [INFO] ProjectBuilder:2457 - Time for Copy CMSIS : 0mS.
2022-10-18 04:40:15,666 [INFO] Activator:177 - 


2022-10-18 04:40:15,668 [INFO] Activator:178 - !SESSION log4j initialized
